# JRE version: Java(TM) SE Runtime Environment (8.0_91-b14) (build 1.8.0_91-b14)
# Java VM: Java HotSpot(TM) 64-Bit Server VM (25.91-b14 mixed mode windows-amd64 compressed oops)
Heap:
 PSYoungGen      total 72192K, used 28347K [0x00000000f5600000, 0x00000000fc480000, 0x0000000100000000)
  eden space 61440K, 29% used [0x00000000f5600000,0x00000000f67b3f10,0x00000000f9200000)
  from space 10752K, 95% used [0x00000000f9200000,0x00000000f9bfb0e0,0x00000000f9c80000)
  to   space 12288K, 0% used [0x00000000fb880000,0x00000000fb880000,0x00000000fc480000)
 ParOldGen       total 24576K, used 19512K [0x00000000e0200000, 0x00000000e1a00000, 0x00000000f5600000)
  object space 24576K, 79% used [0x00000000e0200000,0x00000000e150e0b8,0x00000000e1a00000)
 Metaspace       used 32646K, capacity 34426K, committed 34688K, reserved 1079296K
  class space    used 4008K, capacity 4647K, committed 4736K, reserved 1048576K
GC Heap History (10 events):
Event: 33.745 GC heap before
{Heap before GC invocations=8 (full 0):
 PSYoungGen      total 38400K, used 38378K [0x00000000f5600000, 0x00000000fa400000, 0x0000000100000000)
  eden space 33792K, 100% used [0x00000000f5600000,0x00000000f7700000,0x00000000f7700000)
  from space 4608K, 99% used [0x00000000f7700000,0x00000000f7b7a980,0x00000000f7b80000)
  to   space 6144K, 0% used [0x00000000f9e00000,0x00000000f9e00000,0x00000000fa400000)
 ParOldGen       total 22016K, used 8634K [0x00000000e0200000, 0x00000000e1780000, 0x00000000f5600000)
  object space 22016K, 39% used [0x00000000e0200000,0x00000000e0a6e890,0x00000000e1780000)
 Metaspace       used 19558K, capacity 19902K, committed 20224K, reserved 1067008K
  class space    used 2342K, capacity 2477K, committed 2560K, reserved 1048576K
Event: 33.766 GC heap after
Heap after GC invocations=8 (full 0):
 PSYoungGen      total 38912K, used 6125K [0x00000000f5600000, 0x00000000fa400000, 0x0000000100000000)
  eden space 32768K, 0% used [0x00000000f5600000,0x00000000f5600000,0x00000000f7600000)
  from space 6144K, 99% used [0x00000000f9e00000,0x00000000fa3fb540,0x00000000fa400000)
  to   space 7680K, 0% used [0x00000000f9500000,0x00000000f9500000,0x00000000f9c80000)
 ParOldGen       total 22016K, used 10010K [0x00000000e0200000, 0x00000000e1780000, 0x00000000f5600000)
  object space 22016K, 45% used [0x00000000e0200000,0x00000000e0bc6b40,0x00000000e1780000)
 Metaspace       used 19558K, capacity 19902K, committed 20224K, reserved 1067008K
  class space    used 2342K, capacity 2477K, committed 2560K, reserved 1048576K
}
Event: 35.182 GC heap before
{Heap before GC invocations=9 (full 0):
 PSYoungGen      total 38912K, used 33131K [0x00000000f5600000, 0x00000000fa400000, 0x0000000100000000)
  eden space 32768K, 82% used [0x00000000f5600000,0x00000000f705f7e0,0x00000000f7600000)
  from space 6144K, 99% used [0x00000000f9e00000,0x00000000fa3fb540,0x00000000fa400000)
  to   space 7680K, 0% used [0x00000000f9500000,0x00000000f9500000,0x00000000f9c80000)
 ParOldGen       total 22016K, used 10010K [0x00000000e0200000, 0x00000000e1780000, 0x00000000f5600000)
  object space 22016K, 45% used [0x00000000e0200000,0x00000000e0bc6b40,0x00000000e1780000)
 Metaspace       used 20725K, capacity 21104K, committed 21296K, reserved 1069056K
  class space    used 2500K, capacity 2686K, committed 2688K, reserved 1048576K
Event: 35.227 GC heap after
Heap after GC invocations=9 (full 0):
 PSYoungGen      total 60416K, used 7660K [0x00000000f5600000, 0x00000000f9e80000, 0x0000000100000000)
  eden space 52736K, 0% used [0x00000000f5600000,0x00000000f5600000,0x00000000f8980000)
  from space 7680K, 99% used [0x00000000f9500000,0x00000000f9c7b0d0,0x00000000f9c80000)
  to   space 2048K, 0% used [0x00000000f9c80000,0x00000000f9c80000,0x00000000f9e80000)
 ParOldGen       total 22016K, used 11435K [0x00000000e0200000, 0x00000000e1780000, 0x00000000f5600000)
  object space 22016K, 51% used [0x00000000e0200000,0x00000000e0d2ad70,0x00000000e1780000)
 Metaspace       used 20725K, capacity 21104K, committed 21296K, reserved 1069056K
  class space    used 2500K, capacity 2686K, committed 2688K, reserved 1048576K
}
Event: 35.227 GC heap before
{Heap before GC invocations=10 (full 1):
 PSYoungGen      total 60416K, used 7660K [0x00000000f5600000, 0x00000000f9e80000, 0x0000000100000000)
  eden space 52736K, 0% used [0x00000000f5600000,0x00000000f5600000,0x00000000f8980000)
  from space 7680K, 99% used [0x00000000f9500000,0x00000000f9c7b0d0,0x00000000f9c80000)
  to   space 2048K, 0% used [0x00000000f9c80000,0x00000000f9c80000,0x00000000f9e80000)
 ParOldGen       total 22016K, used 11435K [0x00000000e0200000, 0x00000000e1780000, 0x00000000f5600000)
  object space 22016K, 51% used [0x00000000e0200000,0x00000000e0d2ad70,0x00000000e1780000)
 Metaspace       used 20725K, capacity 21104K, committed 21296K, reserved 1069056K
  class space    used 2500K, capacity 2686K, committed 2688K, reserved 1048576K
Event: 35.365 GC heap after
Heap after GC invocations=10 (full 1):
 PSYoungGen      total 60416K, used 0K [0x00000000f5600000, 0x00000000f9e80000, 0x0000000100000000)
  eden space 52736K, 0% used [0x00000000f5600000,0x00000000f5600000,0x00000000f8980000)
  from space 7680K, 0% used [0x00000000f9500000,0x00000000f9500000,0x00000000f9c80000)
  to   space 2048K, 0% used [0x00000000f9c80000,0x00000000f9c80000,0x00000000f9e80000)
 ParOldGen       total 24576K, used 11002K [0x00000000e0200000, 0x00000000e1a00000, 0x00000000f5600000)
  object space 24576K, 44% used [0x00000000e0200000,0x00000000e0cbeb98,0x00000000e1a00000)
 Metaspace       used 20725K, capacity 21104K, committed 21296K, reserved 1069056K
  class space    used 2500K, capacity 2686K, committed 2688K, reserved 1048576K
}
Event: 38.800 GC heap before
{Heap before GC invocations=11 (full 1):
 PSYoungGen      total 60416K, used 52736K [0x00000000f5600000, 0x00000000f9e80000, 0x0000000100000000)
  eden space 52736K, 100% used [0x00000000f5600000,0x00000000f8980000,0x00000000f8980000)
  from space 7680K, 0% used [0x00000000f9500000,0x00000000f9500000,0x00000000f9c80000)
  to   space 2048K, 0% used [0x00000000f9c80000,0x00000000f9c80000,0x00000000f9e80000)
 ParOldGen       total 24576K, used 11002K [0x00000000e0200000, 0x00000000e1a00000, 0x00000000f5600000)
  object space 24576K, 44% used [0x00000000e0200000,0x00000000e0cbeb98,0x00000000e1a00000)
 Metaspace       used 24373K, capacity 24762K, committed 25088K, reserved 1071104K
  class space    used 2903K, capacity 3071K, committed 3072K, reserved 1048576K
Event: 38.820 GC heap after
Heap after GC invocations=11 (full 1):
 PSYoungGen      total 63488K, used 2017K [0x00000000f5600000, 0x00000000fb680000, 0x0000000100000000)
  eden space 61440K, 0% used [0x00000000f5600000,0x00000000f5600000,0x00000000f9200000)
  from space 2048K, 98% used [0x00000000f9c80000,0x00000000f9e78520,0x00000000f9e80000)
  to   space 10752K, 0% used [0x00000000f9200000,0x00000000f9200000,0x00000000f9c80000)
 ParOldGen       total 24576K, used 17486K [0x00000000e0200000, 0x00000000e1a00000, 0x00000000f5600000)
  object space 24576K, 71% used [0x00000000e0200000,0x00000000e1313838,0x00000000e1a00000)
 Metaspace       used 24373K, capacity 24762K, committed 25088K, reserved 1071104K
  class space    used 2903K, capacity 3071K, committed 3072K, reserved 1048576K
}
Event: 44.949 GC heap before
{Heap before GC invocations=12 (full 1):
 PSYoungGen      total 63488K, used 63457K [0x00000000f5600000, 0x00000000fb680000, 0x0000000100000000)
  eden space 61440K, 100% used [0x00000000f5600000,0x00000000f9200000,0x00000000f9200000)
  from space 2048K, 98% used [0x00000000f9c80000,0x00000000f9e78520,0x00000000f9e80000)
  to   space 10752K, 0% used [0x00000000f9200000,0x00000000f9200000,0x00000000f9c80000)
 ParOldGen       total 24576K, used 17486K [0x00000000e0200000, 0x00000000e1a00000, 0x00000000f5600000)
  object space 24576K, 71% used [0x00000000e0200000,0x00000000e1313838,0x00000000e1a00000)
 Metaspace       used 31911K, capacity 33708K, committed 33792K, reserved 1079296K
  class space    used 3919K, capacity 4579K, committed 4608K, reserved 1048576K
Event: 44.987 GC heap after
Heap after GC invocations=12 (full 1):
 PSYoungGen      total 72192K, used 10220K [0x00000000f5600000, 0x00000000fc480000, 0x0000000100000000)
  eden space 61440K, 0% used [0x00000000f5600000,0x00000000f5600000,0x00000000f9200000)
  from space 10752K, 95% used [0x00000000f9200000,0x00000000f9bfb0e0,0x00000000f9c80000)
  to   space 12288K, 0% used [0x00000000fb880000,0x00000000fb880000,0x00000000fc480000)
 ParOldGen       total 24576K, used 19512K [0x00000000e0200000, 0x00000000e1a00000, 0x00000000f5600000)
  object space 24576K, 79% used [0x00000000e0200000,0x00000000e150e0b8,0x00000000e1a00000)
 Metaspace       used 31911K, capacity 33708K, committed 33792K, reserved 1079296K
  class space    used 3919K, capacity 4579K, committed 4608K, reserved 1048576K
}

